0 verbose cli /root/.nvm/versions/node/v22.13.1/bin/node /root/.nvm/versions/node/v22.13.1/bin/npm
1 info using npm@10.9.2
2 info using node@v22.13.1
3 silly config load:file:/root/.nvm/versions/node/v22.13.1/lib/node_modules/npm/npmrc
4 silly config load:file:/root/ethereum-arb-bot/.npmrc
5 silly config load:file:/root/.npmrc
6 silly config load:file:/root/.nvm/versions/node/v22.13.1/etc/npmrc
7 verbose title npm install
8 verbose argv "install"
9 verbose logfile logs-max:10 dir:/root/.npm/_logs/2025-02-09T10_35_59_752Z-
10 verbose logfile /root/.npm/_logs/2025-02-09T10_35_59_752Z-debug-0.log
11 silly logfile done cleaning log files
12 silly packumentCache heap:2197815296 maxSize:549453824 maxEntrySize:274726912
13 silly idealTree buildDeps
14 silly reify moves {}
15 verbose stack Error: Could not read package.json: Error: ENOENT: no such file or directory, open '/root/ethereum-arb-bot/package.json'
15 verbose stack     at async open (node:internal/fs/promises:638:25)
15 verbose stack     at async readFile (node:internal/fs/promises:1242:14)
15 verbose stack     at async read (/root/.nvm/versions/node/v22.13.1/lib/node_modules/npm/node_modules/@npmcli/package-json/lib/read-package.js:9:18)
15 verbose stack     at async PackageJson.load (/root/.nvm/versions/node/v22.13.1/lib/node_modules/npm/node_modules/@npmcli/package-json/lib/index.js:131:31)
15 verbose stack     at async PackageJson.normalize (/root/.nvm/versions/node/v22.13.1/lib/node_modules/npm/node_modules/@npmcli/package-json/lib/index.js:117:5)
15 verbose stack     at async runScript (/root/.nvm/versions/node/v22.13.1/lib/node_modules/npm/node_modules/@npmcli/run-script/lib/run-script.js:11:28)
15 verbose stack     at async Install.exec (/root/.nvm/versions/node/v22.13.1/lib/node_modules/npm/lib/commands/install.js:163:9)
15 verbose stack     at async Npm.exec (/root/.nvm/versions/node/v22.13.1/lib/node_modules/npm/lib/npm.js:207:9)
15 verbose stack     at async module.exports (/root/.nvm/versions/node/v22.13.1/lib/node_modules/npm/lib/cli/entry.js:74:5)
16 error code ENOENT
17 error syscall open
18 error path /root/ethereum-arb-bot/package.json
19 error errno -2
20 error enoent Could not read package.json: Error: ENOENT: no such file or directory, open '/root/ethereum-arb-bot/package.json'
21 error enoent This is related to npm not being able to find a file.
21 error enoent
22 verbose cwd /root/ethereum-arb-bot
23 verbose os Linux 5.15.0-130-generic
24 verbose node v22.13.1
25 verbose npm  v10.9.2
26 verbose exit -2
27 verbose code -2
28 error A complete log of this run can be found in: /root/.npm/_logs/2025-02-09T10_35_59_752Z-debug-0.log
