0 verbose cli /root/.nvm/versions/node/v22.13.1/bin/node /root/.nvm/versions/node/v22.13.1/bin/npm
1 info using npm@10.9.2
2 info using node@v22.13.1
3 silly config load:file:/root/.nvm/versions/node/v22.13.1/lib/node_modules/npm/npmrc
4 silly config load:file:/root/ethereum-arb-bot/trading_bot_hardhat/.npmrc
5 silly config load:file:/root/.npmrc
6 silly config load:file:/root/.nvm/versions/node/v22.13.1/etc/npmrc
7 verbose title npm install ethers hardhat
8 verbose argv "install" "ethers" "hardhat"
9 verbose logfile logs-max:10 dir:/root/.npm/_logs/2025-02-09T11_06_33_704Z-
10 verbose logfile /root/.npm/_logs/2025-02-09T11_06_33_704Z-debug-0.log
11 silly logfile done cleaning log files
12 silly packumentCache heap:2197815296 maxSize:549453824 maxEntrySize:274726912
13 silly idealTree buildDeps
14 silly fetch manifest ethers@^6.6.2
15 silly packumentCache full:https://registry.npmjs.org/ethers cache-miss
16 http cache https://registry.npmjs.org/ethers 66ms (cache hit)
17 silly packumentCache full:https://registry.npmjs.org/ethers set size:1325154 disposed:false
18 silly fetch manifest hardhat@^2.19.4
19 silly packumentCache full:https://registry.npmjs.org/hardhat cache-miss
20 http cache https://registry.npmjs.org/hardhat 6ms (cache hit)
21 silly packumentCache full:https://registry.npmjs.org/hardhat set size:978801 disposed:false
22 silly fetch manifest ts-node@*
23 silly packumentCache full:https://registry.npmjs.org/ts-node cache-miss
24 http cache https://registry.npmjs.org/ts-node 4ms (cache hit)
25 silly packumentCache full:https://registry.npmjs.org/ts-node set size:574536 disposed:false
26 silly fetch manifest @swc/core@>=1.2.50
27 silly packumentCache full:https://registry.npmjs.org/@swc%2fcore cache-miss
28 http cache https://registry.npmjs.org/@swc%2fcore 9ms (cache hit)
29 silly packumentCache full:https://registry.npmjs.org/@swc%2fcore set size:3459016 disposed:false
30 silly fetch manifest @swc/helpers@*
31 silly packumentCache full:https://registry.npmjs.org/@swc%2fhelpers cache-miss
32 http cache https://registry.npmjs.org/@swc%2fhelpers 5ms (cache hit)
33 silly packumentCache full:https://registry.npmjs.org/@swc%2fhelpers set size:608609 disposed:false
34 silly fetch manifest @swc/wasm@>=1.2.50
35 silly packumentCache full:https://registry.npmjs.org/@swc%2fwasm cache-miss
36 http cache https://registry.npmjs.org/@swc%2fwasm 7ms (cache hit)
37 silly packumentCache full:https://registry.npmjs.org/@swc%2fwasm set size:1111422 disposed:false
38 silly fetch manifest @types/node@*
39 silly packumentCache full:https://registry.npmjs.org/@types%2fnode cache-miss
40 http cache https://registry.npmjs.org/@types%2fnode 39ms (cache hit)
41 silly packumentCache full:https://registry.npmjs.org/@types%2fnode set size:9607824 disposed:false
42 silly fetch manifest typescript@>=2.7
43 silly packumentCache full:https://registry.npmjs.org/typescript cache-miss
44 http cache https://registry.npmjs.org/typescript 52ms (cache hit)
45 silly packumentCache full:https://registry.npmjs.org/typescript set size:13809676 disposed:false
46 silly placeDep ROOT ethers@6.13.5 REPLACE for: ethereum-arbitrage-bot@1.0.0 want: ^6.6.2
47 silly placeDep ROOT hardhat@2.22.18 REPLACE for: ethereum-arbitrage-bot@1.0.0 want: ^2.19.4
48 silly reify moves {}
49 silly audit bulk request {
49 silly audit   '@adraffy/ens-normalize': [ '1.10.1' ],
49 silly audit   '@ethersproject/abi': [ '5.7.0' ],
49 silly audit   '@ethersproject/abstract-provider': [ '5.7.0' ],
49 silly audit   '@ethersproject/abstract-signer': [ '5.7.0' ],
49 silly audit   '@ethersproject/address': [ '5.7.0' ],
49 silly audit   '@ethersproject/base64': [ '5.7.0' ],
49 silly audit   '@ethersproject/bignumber': [ '5.7.0' ],
49 silly audit   '@ethersproject/bytes': [ '5.7.0' ],
49 silly audit   '@ethersproject/constants': [ '5.7.0' ],
49 silly audit   '@ethersproject/hash': [ '5.7.0' ],
49 silly audit   '@ethersproject/keccak256': [ '5.7.0' ],
49 silly audit   '@ethersproject/logger': [ '5.7.0' ],
49 silly audit   '@ethersproject/networks': [ '5.7.1' ],
49 silly audit   '@ethersproject/properties': [ '5.7.0' ],
49 silly audit   '@ethersproject/rlp': [ '5.7.0' ],
49 silly audit   '@ethersproject/signing-key': [ '5.7.0' ],
49 silly audit   '@ethersproject/strings': [ '5.7.0' ],
49 silly audit   '@ethersproject/transactions': [ '5.7.0' ],
49 silly audit   '@ethersproject/web': [ '5.7.1' ],
49 silly audit   '@fastify/busboy': [ '2.1.1' ],
49 silly audit   '@metamask/eth-sig-util': [ '4.0.1' ],
49 silly audit   '@noble/curves': [ '1.2.0' ],
49 silly audit   '@noble/hashes': [ '1.3.2', '1.2.0' ],
49 silly audit   '@noble/secp256k1': [ '1.7.1' ],
49 silly audit   '@nomicfoundation/edr': [ '0.7.0' ],
49 silly audit   '@nomicfoundation/edr-darwin-arm64': [ '0.7.0' ],
49 silly audit   '@nomicfoundation/edr-darwin-x64': [ '0.7.0' ],
49 silly audit   '@nomicfoundation/edr-linux-arm64-gnu': [ '0.7.0' ],
49 silly audit   '@nomicfoundation/edr-linux-arm64-musl': [ '0.7.0' ],
49 silly audit   '@nomicfoundation/edr-linux-x64-gnu': [ '0.7.0' ],
49 silly audit   '@nomicfoundation/edr-linux-x64-musl': [ '0.7.0' ],
49 silly audit   '@nomicfoundation/edr-win32-x64-msvc': [ '0.7.0' ],
49 silly audit   '@nomicfoundation/ethereumjs-common': [ '4.0.4' ],
49 silly audit   '@nomicfoundation/ethereumjs-rlp': [ '5.0.4' ],
49 silly audit   '@nomicfoundation/ethereumjs-tx': [ '5.0.4' ],
49 silly audit   'ethereum-cryptography': [ '0.1.3', '1.2.0' ],
49 silly audit   '@nomicfoundation/ethereumjs-util': [ '9.0.4' ],
49 silly audit   '@nomicfoundation/solidity-analyzer': [ '0.1.2' ],
49 silly audit   '@nomicfoundation/solidity-analyzer-darwin-arm64': [ '0.1.2' ],
49 silly audit   '@nomicfoundation/solidity-analyzer-darwin-x64': [ '0.1.2' ],
49 silly audit   '@nomicfoundation/solidity-analyzer-linux-arm64-gnu': [ '0.1.2' ],
49 silly audit   '@nomicfoundation/solidity-analyzer-linux-arm64-musl': [ '0.1.2' ],
49 silly audit   '@nomicfoundation/solidity-analyzer-linux-x64-gnu': [ '0.1.2' ],
49 silly audit   '@nomicfoundation/solidity-analyzer-linux-x64-musl': [ '0.1.2' ],
49 silly audit   '@nomicfoundation/solidity-analyzer-win32-x64-msvc': [ '0.1.2' ],
49 silly audit   '@scure/base': [ '1.1.9' ],
49 silly audit   '@scure/bip32': [ '1.1.5' ],
49 silly audit   '@scure/bip39': [ '1.1.1' ],
49 silly audit   '@sentry/core': [ '5.30.0' ],
49 silly audit   tslib: [ '1.14.1', '2.7.0' ],
49 silly audit   '@sentry/hub': [ '5.30.0' ],
49 silly audit   '@sentry/minimal': [ '5.30.0' ],
49 silly audit   '@sentry/node': [ '5.30.0' ],
49 silly audit   '@sentry/tracing': [ '5.30.0' ],
49 silly audit   '@sentry/types': [ '5.30.0' ],
49 silly audit   '@sentry/utils': [ '5.30.0' ],
49 silly audit   '@types/bn.js': [ '5.1.6', '4.11.6' ],
49 silly audit   '@types/lru-cache': [ '5.1.1' ],
49 silly audit   '@types/node': [ '22.7.5' ],
49 silly audit   '@types/pbkdf2': [ '3.1.2' ],
49 silly audit   '@types/secp256k1': [ '4.0.6' ],
49 silly audit   'adm-zip': [ '0.4.16' ],
49 silly audit   'aes-js': [ '4.0.0-beta.5' ],
49 silly audit   'agent-base': [ '6.0.2' ],
49 silly audit   'aggregate-error': [ '3.1.0' ],
49 silly audit   'ansi-align': [ '3.0.1' ],
49 silly audit   'ansi-colors': [ '4.1.3' ],
49 silly audit   'ansi-escapes': [ '4.3.2' ],
49 silly audit   'ansi-regex': [ '5.0.1' ],
49 silly audit   'ansi-styles': [ '4.3.0' ],
49 silly audit   anymatch: [ '3.1.3' ],
49 silly audit   picomatch: [ '2.3.1', '4.0.2' ],
49 silly audit   argparse: [ '2.0.1' ],
49 silly audit   'balanced-match': [ '1.0.2' ],
49 silly audit   'base-x': [ '3.0.10' ],
49 silly audit   'big.js': [ '6.2.2' ],
49 silly audit   'binary-extensions': [ '2.3.0' ],
49 silly audit   blakejs: [ '1.2.1' ],
49 silly audit   'bn.js': [ '5.2.1', '4.12.1' ],
49 silly audit   boxen: [ '5.1.2' ],
49 silly audit   'type-fest': [ '0.20.2', '0.7.1', '0.21.3' ],
49 silly audit   'brace-expansion': [ '2.0.1' ],
49 silly audit   braces: [ '3.0.3' ],
49 silly audit   brorand: [ '1.1.0' ],
49 silly audit   'browser-stdout': [ '1.3.1' ],
49 silly audit   'browserify-aes': [ '1.2.0' ],
49 silly audit   bs58: [ '4.0.1' ],
49 silly audit   bs58check: [ '2.1.2' ],
49 silly audit   'buffer-from': [ '1.1.2' ],
49 silly audit   'buffer-xor': [ '1.0.3' ],
49 silly audit   bytes: [ '3.1.2' ],
49 silly audit   camelcase: [ '6.3.0' ],
49 silly audit   chalk: [ '4.1.2' ],
49 silly audit   chokidar: [ '4.0.3', '3.6.0' ],
49 silly audit   'ci-info': [ '2.0.0' ],
49 silly audit   'cipher-base': [ '1.0.6' ],
49 silly audit   'clean-stack': [ '2.2.0' ],
49 silly audit   'cli-boxes': [ '2.2.1' ],
49 silly audit   cliui: [ '7.0.4' ],
49 silly audit   'color-convert': [ '2.0.1' ],
49 silly audit   'color-name': [ '1.1.4' ],
49 silly audit   'command-exists': [ '1.2.9' ],
49 silly audit   commander: [ '8.3.0' ],
49 silly audit   cookie: [ '0.4.2' ],
49 silly audit   'create-hash': [ '1.2.0' ],
49 silly audit   'create-hmac': [ '1.1.7' ],
49 silly audit   debug: [ '4.4.0' ],
49 silly audit   decamelize: [ '4.0.0' ],
49 silly audit   depd: [ '2.0.0' ],
49 silly audit   diff: [ '5.2.0' ],
49 silly audit   dotenv: [ '16.4.7' ],
49 silly audit   elliptic: [ '6.5.4', '6.6.1' ],
49 silly audit   'emoji-regex': [ '8.0.0' ],
49 silly audit   enquirer: [ '2.4.1' ],
49 silly audit   'env-paths': [ '2.2.1' ],
49 silly audit   escalade: [ '3.2.0' ],
49 silly audit   'escape-string-regexp': [ '4.0.0' ],
49 silly audit   'ethereumjs-abi': [ '0.6.8' ],
49 silly audit   'ethereumjs-util': [ '6.2.1' ],
49 silly audit   'ethjs-util': [ '0.1.6' ],
49 silly audit   evp_bytestokey: [ '1.0.3' ],
49 silly audit   fdir: [ '6.4.3' ],
49 silly audit   'fill-range': [ '7.1.1' ],
49 silly audit   'find-up': [ '5.0.0' ],
49 silly audit   flat: [ '5.0.2' ],
49 silly audit   'follow-redirects': [ '1.15.9' ],
49 silly audit   'fp-ts': [ '1.19.3' ],
49 silly audit   'fs-extra': [ '7.0.1' ],
49 silly audit   'fs.realpath': [ '1.0.0' ],
49 silly audit   fsevents: [ '2.3.3' ],
49 silly audit   'get-caller-file': [ '2.0.5' ],
49 silly audit   glob: [ '8.1.0' ],
49 silly audit   'glob-parent': [ '5.1.2' ],
49 silly audit   'graceful-fs': [ '4.2.11' ],
49 silly audit   ws: [ '8.17.1', '7.5.10' ],
49 silly audit   'has-flag': [ '4.0.0' ],
49 silly audit   'hash-base': [ '3.1.0' ],
49 silly audit   'hash.js': [ '1.1.7' ],
49 silly audit   he: [ '1.2.0' ],
49 silly audit   'hmac-drbg': [ '1.0.1' ],
49 silly audit   'http-errors': [ '2.0.0' ],
49 silly audit   'https-proxy-agent': [ '5.0.1' ],
49 silly audit   'iconv-lite': [ '0.4.24' ],
49 silly audit   immutable: [ '4.3.7' ],
49 silly audit   'indent-string': [ '4.0.0' ],
49 silly audit   inflight: [ '1.0.6' ],
49 silly audit   inherits: [ '2.0.4' ],
49 silly audit   'io-ts': [ '1.10.4' ],
49 silly audit   'is-binary-path': [ '2.1.0' ],
49 silly audit   'is-extglob': [ '2.1.1' ],
49 silly audit   'is-fullwidth-code-point': [ '3.0.0' ],
49 silly audit   'is-glob': [ '4.0.3' ],
49 silly audit   'is-hex-prefixed': [ '1.0.0' ],
49 silly audit   'is-number': [ '7.0.0' ],
49 silly audit   'is-plain-obj': [ '2.1.0' ],
49 silly audit   'is-unicode-supported': [ '0.1.0' ],
49 silly audit   'js-sha3': [ '0.8.0' ],
49 silly audit   'js-yaml': [ '4.1.0' ],
49 silly audit   'json-stream-stringify': [ '3.1.6' ],
49 silly audit   jsonfile: [ '4.0.0' ],
49 silly audit   keccak: [ '3.0.4' ],
49 silly audit   'locate-path': [ '6.0.0' ],
49 silly audit   lodash: [ '4.17.21' ],
49 silly audit   'log-symbols': [ '4.1.0' ],
49 silly audit   lru_map: [ '0.3.3' ],
49 silly audit   'md5.js': [ '1.3.5' ],
49 silly audit   memorystream: [ '0.3.1' ],
49 silly audit   'minimalistic-assert': [ '1.0.1' ],
49 silly audit   'minimalistic-crypto-utils': [ '1.0.1' ],
49 silly audit   minimatch: [ '5.1.6' ],
49 silly audit   mnemonist: [ '0.38.5' ],
49 silly audit   mocha: [ '10.8.2' ],
49 silly audit   readdirp: [ '3.6.0', '4.1.1' ],
49 silly audit   'supports-color': [ '8.1.1', '7.2.0' ],
49 silly audit   ms: [ '2.1.3' ],
49 silly audit   'node-addon-api': [ '2.0.2', '5.1.0' ],
49 silly audit   'node-gyp-build': [ '4.8.4' ],
49 silly audit   'normalize-path': [ '3.0.0' ],
49 silly audit   obliterator: [ '2.0.5' ],
49 silly audit   once: [ '1.4.0' ],
49 silly audit   'os-tmpdir': [ '1.0.2' ],
49 silly audit   'p-limit': [ '3.1.0' ],
49 silly audit   'p-locate': [ '5.0.0' ],
49 silly audit   'p-map': [ '4.0.0' ],
49 silly audit   'path-exists': [ '4.0.0' ],
49 silly audit   'path-parse': [ '1.0.7' ],
49 silly audit   pbkdf2: [ '3.1.2' ],
49 silly audit   picocolors: [ '1.1.1' ],
49 silly audit   randombytes: [ '2.1.0' ],
49 silly audit   'raw-body': [ '2.5.2' ],
49 silly audit   'readable-stream': [ '3.6.2' ],
49 silly audit   'require-directory': [ '2.1.1' ],
49 silly audit   resolve: [ '1.17.0' ],
49 silly audit   ripemd160: [ '2.0.2' ],
49 silly audit   rlp: [ '2.2.7' ],
49 silly audit   'safe-buffer': [ '5.2.1' ],
49 silly audit   'safer-buffer': [ '2.1.2' ],
49 silly audit   'scrypt-js': [ '3.0.1' ],
49 silly audit   secp256k1: [ '4.0.4' ],
49 silly audit   semver: [ '6.3.1', '5.7.2' ],
49 silly audit   'serialize-javascript': [ '6.0.2' ],
49 silly audit   setimmediate: [ '1.0.5' ],
49 silly audit   setprototypeof: [ '1.2.0' ],
49 silly audit   'sha.js': [ '2.4.11' ],
49 silly audit   solc: [ '0.8.26' ],
49 silly audit   'source-map': [ '0.6.1' ],
49 silly audit   'source-map-support': [ '0.5.21' ],
49 silly audit   'stacktrace-parser': [ '0.1.10' ],
49 silly audit   statuses: [ '2.0.1' ],
49 silly audit   string_decoder: [ '1.3.0' ],
49 silly audit   'string-width': [ '4.2.3' ],
49 silly audit   'strip-ansi': [ '6.0.1' ],
49 silly audit   'strip-hex-prefix': [ '1.0.0' ],
49 silly audit   'strip-json-comments': [ '3.1.1' ],
49 silly audit   tinyglobby: [ '0.2.10' ],
49 silly audit   tmp: [ '0.0.33' ],
49 silly audit   'to-regex-range': [ '5.0.1' ],
49 silly audit   toidentifier: [ '1.0.1' ],
49 silly audit   tsort: [ '0.0.1' ],
49 silly audit   tweetnacl: [ '1.0.3' ],
49 silly audit   'tweetnacl-util': [ '0.15.1' ],
49 silly audit   undici: [ '5.28.5' ],
49 silly audit   'undici-types': [ '6.19.8' ],
49 silly audit   universalify: [ '0.1.2' ],
49 silly audit   unpipe: [ '1.0.0' ],
49 silly audit   'util-deprecate': [ '1.0.2' ],
49 silly audit   uuid: [ '8.3.2' ],
49 silly audit   'widest-line': [ '3.1.0' ],
49 silly audit   workerpool: [ '6.5.1' ],
49 silly audit   'wrap-ansi': [ '7.0.0' ],
49 silly audit   wrappy: [ '1.0.2' ],
49 silly audit   y18n: [ '5.0.8' ],
49 silly audit   yargs: [ '16.2.0' ],
49 silly audit   'yargs-parser': [ '20.2.9' ],
49 silly audit   'yargs-unparser': [ '2.0.0' ],
49 silly audit   'yocto-queue': [ '0.1.0' ],
49 silly audit   ethers: [ '6.13.5' ],
49 silly audit   hardhat: [ '2.22.18' ]
49 silly audit }
50 verbose reify failed optional dependency /root/ethereum-arb-bot/trading_bot_hardhat/node_modules/fsevents
51 silly reify mark deleted [ '/root/ethereum-arb-bot/trading_bot_hardhat/node_modules/fsevents' ]
52 http fetch POST 200 https://registry.npmjs.org/-/npm/v1/security/advisories/bulk 248ms
53 silly audit report {
53 silly audit report   cookie: [
53 silly audit report     {
53 silly audit report       id: 1099846,
53 silly audit report       url: 'https://github.com/advisories/GHSA-pxg6-pf52-xh8x',
53 silly audit report       title: 'cookie accepts cookie name, path, and domain with out of bounds characters',
53 silly audit report       severity: 'low',
53 silly audit report       vulnerable_versions: '<0.7.0',
53 silly audit report       cwe: [Array],
53 silly audit report       cvss: [Object]
53 silly audit report     }
53 silly audit report   ],
53 silly audit report   elliptic: [
53 silly audit report     {
53 silly audit report       id: 1101387,
53 silly audit report       url: 'https://github.com/advisories/GHSA-fc9h-whq2-v747',
53 silly audit report       title: 'Valid ECDSA signatures erroneously rejected in Elliptic',
53 silly audit report       severity: 'low',
53 silly audit report       vulnerable_versions: '<6.6.0',
53 silly audit report       cwe: [Array],
53 silly audit report       cvss: [Object]
53 silly audit report     },
53 silly audit report     {
53 silly audit report       id: 1101424,
53 silly audit report       url: 'https://github.com/advisories/GHSA-434g-2637-qmqr',
53 silly audit report       title: "Elliptic's verify function omits uniqueness validation",
53 silly audit report       severity: 'low',
53 silly audit report       vulnerable_versions: '<6.5.6',
53 silly audit report       cwe: [Array],
53 silly audit report       cvss: [Object]
53 silly audit report     },
53 silly audit report     {
53 silly audit report       id: 1098593,
53 silly audit report       url: 'https://github.com/advisories/GHSA-f7q4-pwc6-w24p',
53 silly audit report       title: "Elliptic's EDDSA missing signature length check",
53 silly audit report       severity: 'low',
53 silly audit report       vulnerable_versions: '>=4.0.0 <=6.5.6',
53 silly audit report       cwe: [Array],
53 silly audit report       cvss: [Object]
53 silly audit report     },
53 silly audit report     {
53 silly audit report       id: 1098594,
53 silly audit report       url: 'https://github.com/advisories/GHSA-977x-g7h5-7qgw',
53 silly audit report       title: "Elliptic's ECDSA missing check for whether leading bit of r and s is zero",
53 silly audit report       severity: 'low',
53 silly audit report       vulnerable_versions: '>=2.0.0 <=6.5.6',
53 silly audit report       cwe: [Array],
53 silly audit report       cvss: [Object]
53 silly audit report     },
53 silly audit report     {
53 silly audit report       id: 1098595,
53 silly audit report       url: 'https://github.com/advisories/GHSA-49q7-c7j4-3p7m',
53 silly audit report       title: 'Elliptic allows BER-encoded signatures',
53 silly audit report       severity: 'low',
53 silly audit report       vulnerable_versions: '>=5.2.1 <=6.5.6',
53 silly audit report       cwe: [Array],
53 silly audit report       cvss: [Object]
53 silly audit report     }
53 silly audit report   ]
53 silly audit report }
54 silly packumentCache corgi:https://registry.npmjs.org/cookie cache-miss
55 silly packumentCache corgi:https://registry.npmjs.org/elliptic cache-miss
56 http cache https://registry.npmjs.org/cookie 7ms (cache hit)
57 silly packumentCache corgi:https://registry.npmjs.org/cookie set size:22175 disposed:false
58 http cache https://registry.npmjs.org/elliptic 7ms (cache hit)
59 silly packumentCache corgi:https://registry.npmjs.org/elliptic set size:67039 disposed:false
60 silly packumentCache corgi:https://registry.npmjs.org/@sentry%2fnode cache-miss
61 http cache https://registry.npmjs.org/@sentry%2fnode 5ms (cache hit)
62 silly packumentCache corgi:https://registry.npmjs.org/@sentry%2fnode set size:949329 disposed:false
63 silly packumentCache corgi:https://registry.npmjs.org/@ethersproject%2fsigning-key cache-miss
64 silly packumentCache corgi:https://registry.npmjs.org/ethereumjs-util cache-miss
65 http cache https://registry.npmjs.org/@ethersproject%2fsigning-key 4ms (cache hit)
66 silly packumentCache corgi:https://registry.npmjs.org/@ethersproject%2fsigning-key set size:73186 disposed:false
67 http cache https://registry.npmjs.org/ethereumjs-util 4ms (cache hit)
68 silly packumentCache corgi:https://registry.npmjs.org/ethereumjs-util set size:95236 disposed:false
69 silly packumentCache corgi:https://registry.npmjs.org/hardhat cache-miss
70 http cache https://registry.npmjs.org/hardhat 3ms (cache hit)
71 silly packumentCache corgi:https://registry.npmjs.org/hardhat set size:541525 disposed:false
72 silly packumentCache corgi:https://registry.npmjs.org/@ethersproject%2ftransactions cache-miss
73 http cache https://registry.npmjs.org/@ethersproject%2ftransactions 3ms (cache hit)
74 silly packumentCache corgi:https://registry.npmjs.org/@ethersproject%2ftransactions set size:84280 disposed:false
75 silly packumentCache corgi:https://registry.npmjs.org/@ethersproject%2fabstract-provider cache-miss
76 http cache https://registry.npmjs.org/@ethersproject%2fabstract-provider 5ms (cache hit)
77 silly packumentCache corgi:https://registry.npmjs.org/@ethersproject%2fabstract-provider set size:85713 disposed:false
78 silly packumentCache corgi:https://registry.npmjs.org/@ethersproject%2fabstract-signer cache-miss
79 http cache https://registry.npmjs.org/@ethersproject%2fabstract-signer 2ms (cache hit)
80 silly packumentCache corgi:https://registry.npmjs.org/@ethersproject%2fabstract-signer set size:91647 disposed:false
81 silly packumentCache corgi:https://registry.npmjs.org/@ethersproject%2fhash cache-miss
82 http cache https://registry.npmjs.org/@ethersproject%2fhash 2ms (cache hit)
83 silly packumentCache corgi:https://registry.npmjs.org/@ethersproject%2fhash set size:80837 disposed:false
84 silly packumentCache corgi:https://registry.npmjs.org/@ethersproject%2fabi cache-miss
85 http cache https://registry.npmjs.org/@ethersproject%2fabi 3ms (cache hit)
86 silly packumentCache corgi:https://registry.npmjs.org/@ethersproject%2fabi set size:135291 disposed:false
87 silly ADD
88 verbose cwd /root/ethereum-arb-bot/trading_bot_hardhat
89 verbose os Linux 5.15.0-130-generic
90 verbose node v22.13.1
91 verbose npm  v10.9.2
92 verbose exit 0
93 info ok
